<?xml version="1.0" encoding="UTF-8"?>
<!-- Generated by org.testng.reporters.JUnitReportReporter -->
<testsuite hostname="bb102cef4917508" failures="0" tests="2" name="src.com.ust.test.FirstTest" time="0.009" errors="0" timestamp="2023-03-30T17:12:29 IST" skipped="0">
  <testcase classname="src.com.ust.test.FirstTest" name="f" time="0.008"/>
  <system-out/>
  <testcase classname="src.com.ust.test.FirstTest" name="a" time="0.001"/>
  <system-out/>
</testsuite> <!-- src.com.ust.test.FirstTest -->
